<?xml version="1.0" encoding="utf-8"?><testsuites name="pytest tests"><testsuite name="pytest" errors="0" failures="0" skipped="0" tests="15" time="1.687" timestamp="2026-08-11T12:33:06.723368+00:00" hostname="agent-env-4526c773-45a4-4ccb-a6fb-2a8a4d543dce"><testcase classname="tests.test_frekansla" name="test_identity_persistence" time="0.336" /><testcase classname="tests.test_frekansla" name="test_certify_bad_session" time="0.063" /><testcase classname="tests.test_frekansla" name="test_list_objects" time="0.172" /><testcase classname="tests.test_frekansla" name="test_get_object" time="0.046" /><testcase classname="tests.test_frekansla" name="test_download_object" time="0.048" /><testcase classname="tests.test_frekansla" name="test_verify_object_authentic" time="0.046" /><testcase classname="tests.test_frekansla" name="test_verify_tampered_invalid" time="0.046" /><testcase classname="tests.test_frekansla" name="test_verify_unverifiable_missing_signature" time="0.044" /><testcase classname="tests.test_frekansla" name="test_provenance" time="0.044" /><testcase classname="tests.test_frekansla" name="test_publish" time="0.048" /><testcase classname="tests.test_frekansla" name="test_diagnostics[inspect]" time="0.045" /><testcase classname="tests.test_frekansla" name="test_diagnostics[check]" time="0.065" /><testcase classname="tests.test_frekansla" name="test_diagnostics[verify]" time="0.051" /><testcase classname="tests.test_frekansla" name="test_diagnostics[doctor]" time="0.043" /><testcase classname="tests.test_frekansla" name="test_diagnostics_unknown_command" time="0.048" /></testsuite></testsuites>